<?xml version="1.0" encoding="UTF-8"?>
<!-- Generated by org.testng.reporters.JUnitReportReporter -->
<testsuite hostname="LAPTOP-V6RH0EDK" failures="0" tests="1" name="TechLeap2" time="2.915" errors="0" timestamp="2022-07-22T11:55:27 IST" skipped="0">
  <testcase classname="TechLeap2" name="secondLecture" time="2.915"/>
  <system-out/>
</testsuite> <!-- TechLeap2 -->
