<?xml version="1.0" encoding="UTF-8"?>
<!-- Generated by org.testng.reporters.JUnitReportReporter -->
<testsuite hostname="LAPTOP-V6RH0EDK" failures="0" tests="1" name="TechLeap3" time="2.892" errors="0" timestamp="2022-07-22T23:22:16 IST" skipped="0">
  <testcase classname="TechLeap3" name="testCreatePet" time="2.892"/>
  <system-out/>
</testsuite> <!-- TechLeap3 -->
