<?xml version="1.0" encoding="UTF-8"?>
<!-- Generated by org.testng.reporters.JUnitReportReporter -->
<testsuite hostname="LAPTOP-V6RH0EDK" failures="0" tests="1" name="Test_001_Get" time="2.958" errors="0" timestamp="2022-07-15T01:42:16 IST" skipped="0">
  <testcase classname="Test_001_Get" name="test_001" time="2.958"/>
  <system-out/>
</testsuite> <!-- Test_001_Get -->
