<?xml version="1.0" encoding="UTF-8"?>
<!-- Generated by org.testng.reporters.JUnitReportReporter -->
<testsuite hostname="LAPTOP-V6RH0EDK" failures="0" tests="1" name="Correlation" time="6.525" errors="0" timestamp="2022-08-06T00:05:07 IST" skipped="0">
  <testcase classname="Correlation" name="method1" time="6.525"/>
  <system-out/>
</testsuite> <!-- Correlation -->
