<?xml version="1.0" encoding="UTF-8"?>
<!-- Generated by org.testng.reporters.JUnitReportReporter -->
<testsuite hostname="LAPTOP-V6RH0EDK" failures="0" tests="2" name="AllureReport" time="1.766" errors="0" timestamp="2022-08-09T22:36:48 IST" skipped="0">
  <testcase classname="AllureReport" name="method_002" time="0.324"/>
  <system-out/>
  <testcase classname="AllureReport" name="method_001" time="1.442"/>
  <system-out/>
</testsuite> <!-- AllureReport -->
