<?xml version="1.0" encoding="UTF-8"?>
<!-- Generated by org.testng.reporters.JUnitReportReporter -->
<testsuite hostname="LAPTOP-V6RH0EDK" failures="0" tests="1" name="DataExtractionJSON" time="4.600" errors="0" timestamp="2022-08-05T23:25:43 IST" skipped="0">
  <testcase classname="DataExtractionJSON" name="method1" time="4.600"/>
  <system-out/>
</testsuite> <!-- DataExtractionJSON -->
