<?xml version="1.0" encoding="UTF-8"?>
<!-- Generated by org.testng.reporters.JUnitReportReporter -->
<testsuite hostname="LAPTOP-V6RH0EDK" failures="0" tests="1" name="ResponseHeader" time="2.341" errors="0" timestamp="2022-08-04T23:29:39 IST" skipped="0">
  <testcase classname="ResponseHeader" name="method1" time="2.341"/>
  <system-out/>
</testsuite> <!-- ResponseHeader -->
