<?xml version="1.0" encoding="UTF-8"?>
<!-- Generated by org.testng.reporters.JUnitReportReporter -->
<testsuite hostname="LAPTOP-V6RH0EDK" failures="0" tests="1" name="ResponseCookies" time="1.351" errors="0" timestamp="2022-08-04T23:50:33 IST" skipped="0">
  <testcase classname="ResponseCookies" name="method2" time="1.351"/>
  <system-out/>
</testsuite> <!-- ResponseCookies -->
