<?xml version="1.0" encoding="UTF-8"?>
<!-- Generated by org.testng.reporters.JUnitReportReporter -->
<testsuite hostname="LAPTOP-V6RH0EDK" failures="0" tests="1" name="TechLeap" time="2.329" errors="0" timestamp="2022-07-19T23:13:35 IST" skipped="0">
  <testcase classname="TechLeap" name="secondLecture" time="2.329"/>
  <system-out/>
</testsuite> <!-- TechLeap -->
